[2019-02-08 09.39:05] INFO  RunPull main: Received: public-adl-text-sources;refs/remotes/origin/my_test_branch;staging 
[2019-02-08 09.39:05] INFO  RunPull main: repository: public-adl-text-sources 
[2019-02-08 09.39:05] INFO  GitClient gitFetch: fetching  https://github.com/Det-Kongelige-Bibliotek/public-adl-text-sources.git
 
[2019-02-08 09.39:05] INFO  RunPull main: git fetch succeeded 
[2019-02-08 09.39:05] INFO  GitClient gitCheckOut: branch already created 
[2019-02-08 09.39:06] INFO  RunPull main: Ref[refs/heads/my_test_branch=8894c7ca82084aaa56e9dfb98c334ff894e84d37] 
[2019-02-08 09.39:06] INFO  RunPull main: org.eclipse.jgit.transport.FetchResult@59e5ddf
Merge of revisions 8894c7ca82084aaa56e9dfb98c334ff894e84d37, 8894c7ca82084aaa56e9dfb98c334ff894e84d37 with base 8894c7ca82084aaa56e9dfb98c334ff894e84d37 using strategy recursive resulted in: Already-up-to-date.  
[2019-02-08 09.39:06] INFO  GitClient listDiff: Found: 5 differences 
[2019-02-08 09.39:06] INFO  GitClient listDiff: ********** 
[2019-02-08 09.39:06] INFO  GitClient listDiff: type=ADD We'll PUT texts/aarestrup08.xml 
[2019-02-08 09.39:06] INFO  GitClient listDiff: Type=ADD
New path=texts/aarestrup08.xml
Old Path=/dev/null 
[2019-02-08 09.39:06] INFO  GitClient listDiff: Diff: ADD: /dev/null -> texts/aarestrup08.xml 
[2019-02-08 09.39:06] INFO  GitClient listDiff: ********** 
[2019-02-08 09.39:06] INFO  GitClient listDiff: type=MODIFY We'll PUT texts/bang01val.xml 
[2019-02-08 09.39:06] INFO  GitClient listDiff: Type=MODIFY
New path=texts/bang01val.xml
Old Path=texts/bang01val.xml 
[2019-02-08 09.39:06] INFO  GitClient listDiff: Diff: MODIFY: texts/bang01val.xml 
[2019-02-08 09.39:06] INFO  GitClient listDiff: ********** 
[2019-02-08 09.39:06] INFO  GitClient listDiff: type=MODIFY We'll PUT texts/munp1.xml 
[2019-02-08 09.39:06] INFO  GitClient listDiff: Type=MODIFY
New path=texts/munp1.xml
Old Path=texts/munp1.xml 
[2019-02-08 09.39:06] INFO  GitClient listDiff: Diff: MODIFY: texts/munp1.xml 
[2019-02-08 09.39:06] INFO  GitClient listDiff: ********** 
[2019-02-08 09.39:06] INFO  GitClient listDiff: type=DELETE We'll DELETE texts/schemas.xml 
[2019-02-08 09.39:06] INFO  GitClient listDiff: Type=DELETE
New path=/dev/null
Old Path=texts/schemas.xml 
[2019-02-08 09.39:06] INFO  GitClient listDiff: Diff: DELETE: texts/schemas.xml -> /dev/null 
[2019-02-08 09.39:06] INFO  GitClient listDiff: ********** 
[2019-02-08 09.39:06] INFO  GitClient listDiff: type=MODIFY We'll PUT work.md 
[2019-02-08 09.39:06] INFO  GitClient listDiff: Type=MODIFY
New path=work.md
Old Path=work.md 
[2019-02-08 09.39:06] INFO  GitClient listDiff: Diff: MODIFY: work.md 
[2019-02-08 09.39:06] INFO  RunPull main: found operations 
[2019-02-08 09.39:06] INFO  RunPull main: texts/bang01val.xml->PUT 
[2019-02-08 09.39:06] INFO  RunPull main: work.md->PUT 
[2019-02-08 09.39:06] INFO  RunPull main: texts/schemas.xml->DELETE 
[2019-02-08 09.39:06] INFO  RunPull main: texts/munp1.xml->PUT 
[2019-02-08 09.39:06] INFO  RunPull main: texts/aarestrup08.xml->PUT 
[2019-02-08 09.39:06] INFO  RunPull main: Waiting for next message 
[2019-02-08 13.38:51] INFO  RunPull configureLog4j: logging at level info in file text-logger.log
 
[2019-02-08 13.38:51] INFO  RunPull main: Waiting for next message 
